<?xml version="1.0" encoding="UTF-8"?>
<!-- Generated by org.testng.reporters.JUnitReportReporter -->
<testsuite hostname="NTPL-IT-MAC-LAP0163" failures="0" tests="2" name="com.examples.tests.CartTest" time="8.887" errors="0" timestamp="2024-06-25T17:30:19 IST" skipped="0">
  <testcase classname="com.examples.tests.CartTest" name="testRemoveFromCart" time="4.627"/>
  <system-out/>
  <testcase classname="com.examples.tests.CartTest" name="testAddToCart" time="4.260"/>
  <system-out/>
</testsuite> <!-- com.examples.tests.CartTest -->
