<?xml version="1.0" encoding="UTF-8"?>
<!-- Generated by org.testng.reporters.JUnitReportReporter -->
<testsuite hostname="NTPL-IT-MAC-LAP0163" failures="0" tests="1" name="com.examples.tests.CheckoutTest" time="5.116" errors="0" timestamp="2024-06-25T17:30:19 IST" skipped="0">
  <testcase classname="com.examples.tests.CheckoutTest" name="testCheckoutForm" time="5.116"/>
  <system-out/>
</testsuite> <!-- com.examples.tests.CheckoutTest -->
